ARM GAS  C:\Users\percy\AppData\Local\Temp\ccq19CGD.s 			page 1


   1              		.cpu cortex-m3
   2              		.arch armv7-m
   3              		.fpu softvfp
   4              		.eabi_attribute 20, 1
   5              		.eabi_attribute 21, 1
   6              		.eabi_attribute 23, 3
   7              		.eabi_attribute 24, 1
   8              		.eabi_attribute 25, 1
   9              		.eabi_attribute 26, 1
  10              		.eabi_attribute 30, 1
  11              		.eabi_attribute 34, 1
  12              		.eabi_attribute 18, 4
  13              		.file	"main.c"
  14              		.text
  15              	.Ltext0:
  16              		.cfi_sections	.debug_frame
  17              		.section	.text.task_led_toggle,"ax",%progbits
  18              		.align	1
  19              		.global	task_led_toggle
  20              		.syntax unified
  21              		.thumb
  22              		.thumb_func
  24              	task_led_toggle:
  25              	.LFB71:
  26              		.file 1 "Core/Src/main.c"
   1:Core/Src/main.c **** /* USER CODE BEGIN Header */
   2:Core/Src/main.c **** /**
   3:Core/Src/main.c ****   ******************************************************************************
   4:Core/Src/main.c ****   * @file           : main.c
   5:Core/Src/main.c ****   * @brief          : Main program body
   6:Core/Src/main.c ****   ******************************************************************************
   7:Core/Src/main.c ****   * @attention
   8:Core/Src/main.c ****   *
   9:Core/Src/main.c ****   * Copyright (c) 2025 STMicroelectronics.
  10:Core/Src/main.c ****   * All rights reserved.
  11:Core/Src/main.c ****   *
  12:Core/Src/main.c ****   * This software is licensed under terms that can be found in the LICENSE file
  13:Core/Src/main.c ****   * in the root directory of this software component.
  14:Core/Src/main.c ****   * If no LICENSE file comes with this software, it is provided AS-IS.
  15:Core/Src/main.c ****   *
  16:Core/Src/main.c ****   ******************************************************************************
  17:Core/Src/main.c ****   */
  18:Core/Src/main.c **** /* USER CODE END Header */
  19:Core/Src/main.c **** /* Includes ------------------------------------------------------------------*/
  20:Core/Src/main.c **** #include "main.h"
  21:Core/Src/main.c **** #include "tim.h"
  22:Core/Src/main.c **** #include "usart.h"
  23:Core/Src/main.c **** #include "gpio.h"
  24:Core/Src/main.c **** 
  25:Core/Src/main.c **** /* Private includes ----------------------------------------------------------*/
  26:Core/Src/main.c **** /* USER CODE BEGIN Includes */
  27:Core/Src/main.c **** #include <stdio.h>
  28:Core/Src/main.c **** #include "scheduler.h"
  29:Core/Src/main.c **** #include "led_lib.h"
  30:Core/Src/main.c **** /* USER CODE END Includes */
  31:Core/Src/main.c **** 
  32:Core/Src/main.c **** /* Private typedef -----------------------------------------------------------*/
ARM GAS  C:\Users\percy\AppData\Local\Temp\ccq19CGD.s 			page 2


  33:Core/Src/main.c **** /* USER CODE BEGIN PTD */
  34:Core/Src/main.c **** 
  35:Core/Src/main.c **** /* USER CODE END PTD */
  36:Core/Src/main.c **** 
  37:Core/Src/main.c **** /* Private define ------------------------------------------------------------*/
  38:Core/Src/main.c **** /* USER CODE BEGIN PD */
  39:Core/Src/main.c **** 
  40:Core/Src/main.c **** /* USER CODE END PD */
  41:Core/Src/main.c **** 
  42:Core/Src/main.c **** /* Private macro -------------------------------------------------------------*/
  43:Core/Src/main.c **** /* USER CODE BEGIN PM */
  44:Core/Src/main.c **** 
  45:Core/Src/main.c **** /* USER CODE END PM */
  46:Core/Src/main.c **** 
  47:Core/Src/main.c **** /* Private variables ---------------------------------------------------------*/
  48:Core/Src/main.c **** 
  49:Core/Src/main.c **** /* USER CODE BEGIN PV */
  50:Core/Src/main.c **** uint8_t tim3_flag = 0;
  51:Core/Src/main.c **** 
  52:Core/Src/main.c **** // 两张链表：任务注册表 和 就绪任务表
  53:Core/Src/main.c **** static TaskNode *registered_task_list = NULL;
  54:Core/Src/main.c **** static TaskNode *ready_task_list = NULL;
  55:Core/Src/main.c **** /* USER CODE END PV */
  56:Core/Src/main.c **** 
  57:Core/Src/main.c **** /* Private function prototypes -----------------------------------------------*/
  58:Core/Src/main.c **** void SystemClock_Config(void);
  59:Core/Src/main.c **** /* USER CODE BEGIN PFP */
  60:Core/Src/main.c **** void task_led_toggle(void);
  61:Core/Src/main.c **** void task_print(void);
  62:Core/Src/main.c **** /* USER CODE END PFP */
  63:Core/Src/main.c **** 
  64:Core/Src/main.c **** /* Private user code ---------------------------------------------------------*/
  65:Core/Src/main.c **** /* USER CODE BEGIN 0 */
  66:Core/Src/main.c **** 
  67:Core/Src/main.c **** /* USER CODE END 0 */
  68:Core/Src/main.c **** 
  69:Core/Src/main.c **** /**
  70:Core/Src/main.c ****   * @brief  The application entry point.
  71:Core/Src/main.c ****   * @retval int
  72:Core/Src/main.c ****   */
  73:Core/Src/main.c **** int main(void)
  74:Core/Src/main.c **** {
  75:Core/Src/main.c **** 
  76:Core/Src/main.c ****   /* USER CODE BEGIN 1 */
  77:Core/Src/main.c **** 
  78:Core/Src/main.c ****   /* USER CODE END 1 */
  79:Core/Src/main.c **** 
  80:Core/Src/main.c ****   /* MCU Configuration--------------------------------------------------------*/
  81:Core/Src/main.c **** 
  82:Core/Src/main.c ****   /* Reset of all peripherals, Initializes the Flash interface and the Systick. */
  83:Core/Src/main.c ****   HAL_Init();
  84:Core/Src/main.c **** 
  85:Core/Src/main.c ****   /* USER CODE BEGIN Init */
  86:Core/Src/main.c **** 
  87:Core/Src/main.c ****   /* USER CODE END Init */
  88:Core/Src/main.c **** 
  89:Core/Src/main.c ****   /* Configure the system clock */
ARM GAS  C:\Users\percy\AppData\Local\Temp\ccq19CGD.s 			page 3


  90:Core/Src/main.c ****   SystemClock_Config();
  91:Core/Src/main.c **** 
  92:Core/Src/main.c ****   /* USER CODE BEGIN SysInit */
  93:Core/Src/main.c **** 
  94:Core/Src/main.c ****   /* USER CODE END SysInit */
  95:Core/Src/main.c **** 
  96:Core/Src/main.c ****   /* Initialize all configured peripherals */
  97:Core/Src/main.c ****   MX_GPIO_Init();
  98:Core/Src/main.c ****   MX_USART1_UART_Init();
  99:Core/Src/main.c ****   MX_TIM3_Init();
 100:Core/Src/main.c ****   /* USER CODE BEGIN 2 */
 101:Core/Src/main.c **** 	HAL_TIM_Base_Start_IT(&htim3);
 102:Core/Src/main.c **** 
 103:Core/Src/main.c **** 	task_pool_init();
 104:Core/Src/main.c ****   register_task(task_led_toggle, 500, &registered_task_list); // 每 500ms 执行一次
 105:Core/Src/main.c ****   register_task(task_print, 1000, &registered_task_list);     // 每 1000ms 执行一次
 106:Core/Src/main.c ****   /* USER CODE END 2 */
 107:Core/Src/main.c **** 
 108:Core/Src/main.c ****   /* Infinite loop */
 109:Core/Src/main.c ****   /* USER CODE BEGIN WHILE */
 110:Core/Src/main.c ****   while (1)
 111:Core/Src/main.c ****   {
 112:Core/Src/main.c **** 		if (tim3_flag == 1) {
 113:Core/Src/main.c **** 			tim3_flag = 0;
 114:Core/Src/main.c **** 
 115:Core/Src/main.c **** 			scheduler_tick(registered_task_list, &ready_task_list);
 116:Core/Src/main.c **** 			scheduler_run(&ready_task_list);
 117:Core/Src/main.c **** 		}
 118:Core/Src/main.c **** 
 119:Core/Src/main.c ****     /* USER CODE END WHILE */
 120:Core/Src/main.c **** 
 121:Core/Src/main.c ****     /* USER CODE BEGIN 3 */
 122:Core/Src/main.c ****   }
 123:Core/Src/main.c ****   /* USER CODE END 3 */
 124:Core/Src/main.c **** }
 125:Core/Src/main.c **** 
 126:Core/Src/main.c **** /**
 127:Core/Src/main.c ****   * @brief System Clock Configuration
 128:Core/Src/main.c ****   * @retval None
 129:Core/Src/main.c ****   */
 130:Core/Src/main.c **** void SystemClock_Config(void)
 131:Core/Src/main.c **** {
 132:Core/Src/main.c ****   RCC_OscInitTypeDef RCC_OscInitStruct = {0};
 133:Core/Src/main.c ****   RCC_ClkInitTypeDef RCC_ClkInitStruct = {0};
 134:Core/Src/main.c **** 
 135:Core/Src/main.c ****   /** Initializes the RCC Oscillators according to the specified parameters
 136:Core/Src/main.c ****   * in the RCC_OscInitTypeDef structure.
 137:Core/Src/main.c ****   */
 138:Core/Src/main.c ****   RCC_OscInitStruct.OscillatorType = RCC_OSCILLATORTYPE_HSE;
 139:Core/Src/main.c ****   RCC_OscInitStruct.HSEState = RCC_HSE_ON;
 140:Core/Src/main.c ****   RCC_OscInitStruct.HSEPredivValue = RCC_HSE_PREDIV_DIV1;
 141:Core/Src/main.c ****   RCC_OscInitStruct.HSIState = RCC_HSI_ON;
 142:Core/Src/main.c ****   RCC_OscInitStruct.PLL.PLLState = RCC_PLL_ON;
 143:Core/Src/main.c ****   RCC_OscInitStruct.PLL.PLLSource = RCC_PLLSOURCE_HSE;
 144:Core/Src/main.c ****   RCC_OscInitStruct.PLL.PLLMUL = RCC_PLL_MUL9;
 145:Core/Src/main.c ****   if (HAL_RCC_OscConfig(&RCC_OscInitStruct) != HAL_OK)
 146:Core/Src/main.c ****   {
ARM GAS  C:\Users\percy\AppData\Local\Temp\ccq19CGD.s 			page 4


 147:Core/Src/main.c ****     Error_Handler();
 148:Core/Src/main.c ****   }
 149:Core/Src/main.c **** 
 150:Core/Src/main.c ****   /** Initializes the CPU, AHB and APB buses clocks
 151:Core/Src/main.c ****   */
 152:Core/Src/main.c ****   RCC_ClkInitStruct.ClockType = RCC_CLOCKTYPE_HCLK|RCC_CLOCKTYPE_SYSCLK
 153:Core/Src/main.c ****                               |RCC_CLOCKTYPE_PCLK1|RCC_CLOCKTYPE_PCLK2;
 154:Core/Src/main.c ****   RCC_ClkInitStruct.SYSCLKSource = RCC_SYSCLKSOURCE_PLLCLK;
 155:Core/Src/main.c ****   RCC_ClkInitStruct.AHBCLKDivider = RCC_SYSCLK_DIV1;
 156:Core/Src/main.c ****   RCC_ClkInitStruct.APB1CLKDivider = RCC_HCLK_DIV2;
 157:Core/Src/main.c ****   RCC_ClkInitStruct.APB2CLKDivider = RCC_HCLK_DIV1;
 158:Core/Src/main.c **** 
 159:Core/Src/main.c ****   if (HAL_RCC_ClockConfig(&RCC_ClkInitStruct, FLASH_LATENCY_2) != HAL_OK)
 160:Core/Src/main.c ****   {
 161:Core/Src/main.c ****     Error_Handler();
 162:Core/Src/main.c ****   }
 163:Core/Src/main.c **** }
 164:Core/Src/main.c **** 
 165:Core/Src/main.c **** /* USER CODE BEGIN 4 */
 166:Core/Src/main.c **** void HAL_TIM_PeriodElapsedCallback(TIM_HandleTypeDef *htim)
 167:Core/Src/main.c **** {
 168:Core/Src/main.c **** 	if (htim->Instance == TIM3) {
 169:Core/Src/main.c **** 		tim3_flag = 1;
 170:Core/Src/main.c **** 	}
 171:Core/Src/main.c **** }
 172:Core/Src/main.c **** 
 173:Core/Src/main.c **** 
 174:Core/Src/main.c **** // 示例任务函数（用户定义）
 175:Core/Src/main.c **** void task_led_toggle(void) {
  27              		.loc 1 175 28 view -0
  28              		.cfi_startproc
  29              		@ args = 0, pretend = 0, frame = 0
  30              		@ frame_needed = 0, uses_anonymous_args = 0
  31 0000 08B5     		push	{r3, lr}
  32              	.LCFI0:
  33              		.cfi_def_cfa_offset 8
  34              		.cfi_offset 3, -8
  35              		.cfi_offset 14, -4
 176:Core/Src/main.c ****   LED_Toggle();
  36              		.loc 1 176 3 view .LVU1
  37 0002 FFF7FEFF 		bl	LED_Toggle
  38              	.LVL0:
 177:Core/Src/main.c **** }
  39              		.loc 1 177 1 is_stmt 0 view .LVU2
  40 0006 08BD     		pop	{r3, pc}
  41              		.cfi_endproc
  42              	.LFE71:
  44              		.section	.rodata.task_print.str1.4,"aMS",%progbits,1
  45              		.align	2
  46              	.LC0:
  47 0000 7461736B 		.ascii	"task print runnig %d\012\000"
  47      20707269 
  47      6E742072 
  47      756E6E69 
  47      67202564 
  48              		.section	.text.task_print,"ax",%progbits
  49              		.align	1
ARM GAS  C:\Users\percy\AppData\Local\Temp\ccq19CGD.s 			page 5


  50              		.global	task_print
  51              		.syntax unified
  52              		.thumb
  53              		.thumb_func
  55              	task_print:
  56              	.LFB72:
 178:Core/Src/main.c **** 
 179:Core/Src/main.c **** void task_print(void) {
  57              		.loc 1 179 23 is_stmt 1 view -0
  58              		.cfi_startproc
  59              		@ args = 0, pretend = 0, frame = 0
  60              		@ frame_needed = 0, uses_anonymous_args = 0
  61 0000 08B5     		push	{r3, lr}
  62              	.LCFI1:
  63              		.cfi_def_cfa_offset 8
  64              		.cfi_offset 3, -8
  65              		.cfi_offset 14, -4
 180:Core/Src/main.c **** 	static uint8_t cnt = 0;
  66              		.loc 1 180 2 view .LVU4
 181:Core/Src/main.c **** 	
 182:Core/Src/main.c **** 	printf("task print runnig %d\n", cnt++);
  67              		.loc 1 182 2 view .LVU5
  68              		.loc 1 182 38 is_stmt 0 view .LVU6
  69 0002 044B     		ldr	r3, .L5
  70 0004 1978     		ldrb	r1, [r3]	@ zero_extendqisi2
  71 0006 4A1C     		adds	r2, r1, #1
  72 0008 1A70     		strb	r2, [r3]
  73              		.loc 1 182 2 view .LVU7
  74 000a 0348     		ldr	r0, .L5+4
  75 000c FFF7FEFF 		bl	printf
  76              	.LVL1:
 183:Core/Src/main.c **** }
  77              		.loc 1 183 1 view .LVU8
  78 0010 08BD     		pop	{r3, pc}
  79              	.L6:
  80 0012 00BF     		.align	2
  81              	.L5:
  82 0014 00000000 		.word	.LANCHOR0
  83 0018 00000000 		.word	.LC0
  84              		.cfi_endproc
  85              	.LFE72:
  87              		.section	.text.HAL_TIM_PeriodElapsedCallback,"ax",%progbits
  88              		.align	1
  89              		.global	HAL_TIM_PeriodElapsedCallback
  90              		.syntax unified
  91              		.thumb
  92              		.thumb_func
  94              	HAL_TIM_PeriodElapsedCallback:
  95              	.LVL2:
  96              	.LFB70:
 167:Core/Src/main.c **** 	if (htim->Instance == TIM3) {
  97              		.loc 1 167 1 is_stmt 1 view -0
  98              		.cfi_startproc
  99              		@ args = 0, pretend = 0, frame = 0
 100              		@ frame_needed = 0, uses_anonymous_args = 0
 101              		@ link register save eliminated.
 168:Core/Src/main.c **** 		tim3_flag = 1;
ARM GAS  C:\Users\percy\AppData\Local\Temp\ccq19CGD.s 			page 6


 102              		.loc 1 168 2 view .LVU10
 168:Core/Src/main.c **** 		tim3_flag = 1;
 103              		.loc 1 168 10 is_stmt 0 view .LVU11
 104 0000 0268     		ldr	r2, [r0]
 168:Core/Src/main.c **** 		tim3_flag = 1;
 105              		.loc 1 168 5 view .LVU12
 106 0002 044B     		ldr	r3, .L10
 107 0004 9A42     		cmp	r2, r3
 108 0006 00D0     		beq	.L9
 109              	.L7:
 171:Core/Src/main.c **** 
 110              		.loc 1 171 1 view .LVU13
 111 0008 7047     		bx	lr
 112              	.L9:
 169:Core/Src/main.c **** 	}
 113              		.loc 1 169 3 is_stmt 1 view .LVU14
 169:Core/Src/main.c **** 	}
 114              		.loc 1 169 13 is_stmt 0 view .LVU15
 115 000a 034B     		ldr	r3, .L10+4
 116 000c 0122     		movs	r2, #1
 117 000e 1A70     		strb	r2, [r3]
 171:Core/Src/main.c **** 
 118              		.loc 1 171 1 view .LVU16
 119 0010 FAE7     		b	.L7
 120              	.L11:
 121 0012 00BF     		.align	2
 122              	.L10:
 123 0014 00040040 		.word	1073742848
 124 0018 00000000 		.word	.LANCHOR1
 125              		.cfi_endproc
 126              	.LFE70:
 128              		.section	.text.Error_Handler,"ax",%progbits
 129              		.align	1
 130              		.global	Error_Handler
 131              		.syntax unified
 132              		.thumb
 133              		.thumb_func
 135              	Error_Handler:
 136              	.LFB73:
 184:Core/Src/main.c **** 
 185:Core/Src/main.c **** 
 186:Core/Src/main.c **** /* USER CODE END 4 */
 187:Core/Src/main.c **** 
 188:Core/Src/main.c **** /**
 189:Core/Src/main.c ****   * @brief  This function is executed in case of error occurrence.
 190:Core/Src/main.c ****   * @retval None
 191:Core/Src/main.c ****   */
 192:Core/Src/main.c **** void Error_Handler(void)
 193:Core/Src/main.c **** {
 137              		.loc 1 193 1 is_stmt 1 view -0
 138              		.cfi_startproc
 139              		@ Volatile: function does not return.
 140              		@ args = 0, pretend = 0, frame = 0
 141              		@ frame_needed = 0, uses_anonymous_args = 0
 142              		@ link register save eliminated.
 194:Core/Src/main.c ****   /* USER CODE BEGIN Error_Handler_Debug */
 195:Core/Src/main.c ****   /* User can add his own implementation to report the HAL error return state */
ARM GAS  C:\Users\percy\AppData\Local\Temp\ccq19CGD.s 			page 7


 196:Core/Src/main.c ****   __disable_irq();
 143              		.loc 1 196 3 view .LVU18
 144              	.LBB4:
 145              	.LBI4:
 146              		.file 2 "Drivers/CMSIS/Include/cmsis_gcc.h"
   1:Drivers/CMSIS/Include/cmsis_gcc.h **** /**************************************************************************//**
   2:Drivers/CMSIS/Include/cmsis_gcc.h ****  * @file     cmsis_gcc.h
   3:Drivers/CMSIS/Include/cmsis_gcc.h ****  * @brief    CMSIS compiler GCC header file
   4:Drivers/CMSIS/Include/cmsis_gcc.h ****  * @version  V5.0.4
   5:Drivers/CMSIS/Include/cmsis_gcc.h ****  * @date     09. April 2018
   6:Drivers/CMSIS/Include/cmsis_gcc.h ****  ******************************************************************************/
   7:Drivers/CMSIS/Include/cmsis_gcc.h **** /*
   8:Drivers/CMSIS/Include/cmsis_gcc.h ****  * Copyright (c) 2009-2018 Arm Limited. All rights reserved.
   9:Drivers/CMSIS/Include/cmsis_gcc.h ****  *
  10:Drivers/CMSIS/Include/cmsis_gcc.h ****  * SPDX-License-Identifier: Apache-2.0
  11:Drivers/CMSIS/Include/cmsis_gcc.h ****  *
  12:Drivers/CMSIS/Include/cmsis_gcc.h ****  * Licensed under the Apache License, Version 2.0 (the License); you may
  13:Drivers/CMSIS/Include/cmsis_gcc.h ****  * not use this file except in compliance with the License.
  14:Drivers/CMSIS/Include/cmsis_gcc.h ****  * You may obtain a copy of the License at
  15:Drivers/CMSIS/Include/cmsis_gcc.h ****  *
  16:Drivers/CMSIS/Include/cmsis_gcc.h ****  * www.apache.org/licenses/LICENSE-2.0
  17:Drivers/CMSIS/Include/cmsis_gcc.h ****  *
  18:Drivers/CMSIS/Include/cmsis_gcc.h ****  * Unless required by applicable law or agreed to in writing, software
  19:Drivers/CMSIS/Include/cmsis_gcc.h ****  * distributed under the License is distributed on an AS IS BASIS, WITHOUT
  20:Drivers/CMSIS/Include/cmsis_gcc.h ****  * WARRANTIES OR CONDITIONS OF ANY KIND, either express or implied.
  21:Drivers/CMSIS/Include/cmsis_gcc.h ****  * See the License for the specific language governing permissions and
  22:Drivers/CMSIS/Include/cmsis_gcc.h ****  * limitations under the License.
  23:Drivers/CMSIS/Include/cmsis_gcc.h ****  */
  24:Drivers/CMSIS/Include/cmsis_gcc.h **** 
  25:Drivers/CMSIS/Include/cmsis_gcc.h **** #ifndef __CMSIS_GCC_H
  26:Drivers/CMSIS/Include/cmsis_gcc.h **** #define __CMSIS_GCC_H
  27:Drivers/CMSIS/Include/cmsis_gcc.h **** 
  28:Drivers/CMSIS/Include/cmsis_gcc.h **** /* ignore some GCC warnings */
  29:Drivers/CMSIS/Include/cmsis_gcc.h **** #pragma GCC diagnostic push
  30:Drivers/CMSIS/Include/cmsis_gcc.h **** #pragma GCC diagnostic ignored "-Wsign-conversion"
  31:Drivers/CMSIS/Include/cmsis_gcc.h **** #pragma GCC diagnostic ignored "-Wconversion"
  32:Drivers/CMSIS/Include/cmsis_gcc.h **** #pragma GCC diagnostic ignored "-Wunused-parameter"
  33:Drivers/CMSIS/Include/cmsis_gcc.h **** 
  34:Drivers/CMSIS/Include/cmsis_gcc.h **** /* Fallback for __has_builtin */
  35:Drivers/CMSIS/Include/cmsis_gcc.h **** #ifndef __has_builtin
  36:Drivers/CMSIS/Include/cmsis_gcc.h ****   #define __has_builtin(x) (0)
  37:Drivers/CMSIS/Include/cmsis_gcc.h **** #endif
  38:Drivers/CMSIS/Include/cmsis_gcc.h **** 
  39:Drivers/CMSIS/Include/cmsis_gcc.h **** /* CMSIS compiler specific defines */
  40:Drivers/CMSIS/Include/cmsis_gcc.h **** #ifndef   __ASM
  41:Drivers/CMSIS/Include/cmsis_gcc.h ****   #define __ASM                                  __asm
  42:Drivers/CMSIS/Include/cmsis_gcc.h **** #endif
  43:Drivers/CMSIS/Include/cmsis_gcc.h **** #ifndef   __INLINE
  44:Drivers/CMSIS/Include/cmsis_gcc.h ****   #define __INLINE                               inline
  45:Drivers/CMSIS/Include/cmsis_gcc.h **** #endif
  46:Drivers/CMSIS/Include/cmsis_gcc.h **** #ifndef   __STATIC_INLINE
  47:Drivers/CMSIS/Include/cmsis_gcc.h ****   #define __STATIC_INLINE                        static inline
  48:Drivers/CMSIS/Include/cmsis_gcc.h **** #endif
  49:Drivers/CMSIS/Include/cmsis_gcc.h **** #ifndef   __STATIC_FORCEINLINE                 
  50:Drivers/CMSIS/Include/cmsis_gcc.h ****   #define __STATIC_FORCEINLINE                   __attribute__((always_inline)) static inline
  51:Drivers/CMSIS/Include/cmsis_gcc.h **** #endif                                           
  52:Drivers/CMSIS/Include/cmsis_gcc.h **** #ifndef   __NO_RETURN
ARM GAS  C:\Users\percy\AppData\Local\Temp\ccq19CGD.s 			page 8


  53:Drivers/CMSIS/Include/cmsis_gcc.h ****   #define __NO_RETURN                            __attribute__((__noreturn__))
  54:Drivers/CMSIS/Include/cmsis_gcc.h **** #endif
  55:Drivers/CMSIS/Include/cmsis_gcc.h **** #ifndef   __USED
  56:Drivers/CMSIS/Include/cmsis_gcc.h ****   #define __USED                                 __attribute__((used))
  57:Drivers/CMSIS/Include/cmsis_gcc.h **** #endif
  58:Drivers/CMSIS/Include/cmsis_gcc.h **** #ifndef   __WEAK
  59:Drivers/CMSIS/Include/cmsis_gcc.h ****   #define __WEAK                                 __attribute__((weak))
  60:Drivers/CMSIS/Include/cmsis_gcc.h **** #endif
  61:Drivers/CMSIS/Include/cmsis_gcc.h **** #ifndef   __PACKED
  62:Drivers/CMSIS/Include/cmsis_gcc.h ****   #define __PACKED                               __attribute__((packed, aligned(1)))
  63:Drivers/CMSIS/Include/cmsis_gcc.h **** #endif
  64:Drivers/CMSIS/Include/cmsis_gcc.h **** #ifndef   __PACKED_STRUCT
  65:Drivers/CMSIS/Include/cmsis_gcc.h ****   #define __PACKED_STRUCT                        struct __attribute__((packed, aligned(1)))
  66:Drivers/CMSIS/Include/cmsis_gcc.h **** #endif
  67:Drivers/CMSIS/Include/cmsis_gcc.h **** #ifndef   __PACKED_UNION
  68:Drivers/CMSIS/Include/cmsis_gcc.h ****   #define __PACKED_UNION                         union __attribute__((packed, aligned(1)))
  69:Drivers/CMSIS/Include/cmsis_gcc.h **** #endif
  70:Drivers/CMSIS/Include/cmsis_gcc.h **** #ifndef   __UNALIGNED_UINT32        /* deprecated */
  71:Drivers/CMSIS/Include/cmsis_gcc.h ****   #pragma GCC diagnostic push
  72:Drivers/CMSIS/Include/cmsis_gcc.h ****   #pragma GCC diagnostic ignored "-Wpacked"
  73:Drivers/CMSIS/Include/cmsis_gcc.h ****   #pragma GCC diagnostic ignored "-Wattributes"
  74:Drivers/CMSIS/Include/cmsis_gcc.h ****   struct __attribute__((packed)) T_UINT32 { uint32_t v; };
  75:Drivers/CMSIS/Include/cmsis_gcc.h ****   #pragma GCC diagnostic pop
  76:Drivers/CMSIS/Include/cmsis_gcc.h ****   #define __UNALIGNED_UINT32(x)                  (((struct T_UINT32 *)(x))->v)
  77:Drivers/CMSIS/Include/cmsis_gcc.h **** #endif
  78:Drivers/CMSIS/Include/cmsis_gcc.h **** #ifndef   __UNALIGNED_UINT16_WRITE
  79:Drivers/CMSIS/Include/cmsis_gcc.h ****   #pragma GCC diagnostic push
  80:Drivers/CMSIS/Include/cmsis_gcc.h ****   #pragma GCC diagnostic ignored "-Wpacked"
  81:Drivers/CMSIS/Include/cmsis_gcc.h ****   #pragma GCC diagnostic ignored "-Wattributes"
  82:Drivers/CMSIS/Include/cmsis_gcc.h ****   __PACKED_STRUCT T_UINT16_WRITE { uint16_t v; };
  83:Drivers/CMSIS/Include/cmsis_gcc.h ****   #pragma GCC diagnostic pop
  84:Drivers/CMSIS/Include/cmsis_gcc.h ****   #define __UNALIGNED_UINT16_WRITE(addr, val)    (void)((((struct T_UINT16_WRITE *)(void *)(addr))-
  85:Drivers/CMSIS/Include/cmsis_gcc.h **** #endif
  86:Drivers/CMSIS/Include/cmsis_gcc.h **** #ifndef   __UNALIGNED_UINT16_READ
  87:Drivers/CMSIS/Include/cmsis_gcc.h ****   #pragma GCC diagnostic push
  88:Drivers/CMSIS/Include/cmsis_gcc.h ****   #pragma GCC diagnostic ignored "-Wpacked"
  89:Drivers/CMSIS/Include/cmsis_gcc.h ****   #pragma GCC diagnostic ignored "-Wattributes"
  90:Drivers/CMSIS/Include/cmsis_gcc.h ****   __PACKED_STRUCT T_UINT16_READ { uint16_t v; };
  91:Drivers/CMSIS/Include/cmsis_gcc.h ****   #pragma GCC diagnostic pop
  92:Drivers/CMSIS/Include/cmsis_gcc.h ****   #define __UNALIGNED_UINT16_READ(addr)          (((const struct T_UINT16_READ *)(const void *)(add
  93:Drivers/CMSIS/Include/cmsis_gcc.h **** #endif
  94:Drivers/CMSIS/Include/cmsis_gcc.h **** #ifndef   __UNALIGNED_UINT32_WRITE
  95:Drivers/CMSIS/Include/cmsis_gcc.h ****   #pragma GCC diagnostic push
  96:Drivers/CMSIS/Include/cmsis_gcc.h ****   #pragma GCC diagnostic ignored "-Wpacked"
  97:Drivers/CMSIS/Include/cmsis_gcc.h ****   #pragma GCC diagnostic ignored "-Wattributes"
  98:Drivers/CMSIS/Include/cmsis_gcc.h ****   __PACKED_STRUCT T_UINT32_WRITE { uint32_t v; };
  99:Drivers/CMSIS/Include/cmsis_gcc.h ****   #pragma GCC diagnostic pop
 100:Drivers/CMSIS/Include/cmsis_gcc.h ****   #define __UNALIGNED_UINT32_WRITE(addr, val)    (void)((((struct T_UINT32_WRITE *)(void *)(addr))-
 101:Drivers/CMSIS/Include/cmsis_gcc.h **** #endif
 102:Drivers/CMSIS/Include/cmsis_gcc.h **** #ifndef   __UNALIGNED_UINT32_READ
 103:Drivers/CMSIS/Include/cmsis_gcc.h ****   #pragma GCC diagnostic push
 104:Drivers/CMSIS/Include/cmsis_gcc.h ****   #pragma GCC diagnostic ignored "-Wpacked"
 105:Drivers/CMSIS/Include/cmsis_gcc.h ****   #pragma GCC diagnostic ignored "-Wattributes"
 106:Drivers/CMSIS/Include/cmsis_gcc.h ****   __PACKED_STRUCT T_UINT32_READ { uint32_t v; };
 107:Drivers/CMSIS/Include/cmsis_gcc.h ****   #pragma GCC diagnostic pop
 108:Drivers/CMSIS/Include/cmsis_gcc.h ****   #define __UNALIGNED_UINT32_READ(addr)          (((const struct T_UINT32_READ *)(const void *)(add
 109:Drivers/CMSIS/Include/cmsis_gcc.h **** #endif
ARM GAS  C:\Users\percy\AppData\Local\Temp\ccq19CGD.s 			page 9


 110:Drivers/CMSIS/Include/cmsis_gcc.h **** #ifndef   __ALIGNED
 111:Drivers/CMSIS/Include/cmsis_gcc.h ****   #define __ALIGNED(x)                           __attribute__((aligned(x)))
 112:Drivers/CMSIS/Include/cmsis_gcc.h **** #endif
 113:Drivers/CMSIS/Include/cmsis_gcc.h **** #ifndef   __RESTRICT
 114:Drivers/CMSIS/Include/cmsis_gcc.h ****   #define __RESTRICT                             __restrict
 115:Drivers/CMSIS/Include/cmsis_gcc.h **** #endif
 116:Drivers/CMSIS/Include/cmsis_gcc.h **** 
 117:Drivers/CMSIS/Include/cmsis_gcc.h **** 
 118:Drivers/CMSIS/Include/cmsis_gcc.h **** /* ###########################  Core Function Access  ########################### */
 119:Drivers/CMSIS/Include/cmsis_gcc.h **** /** \ingroup  CMSIS_Core_FunctionInterface
 120:Drivers/CMSIS/Include/cmsis_gcc.h ****     \defgroup CMSIS_Core_RegAccFunctions CMSIS Core Register Access Functions
 121:Drivers/CMSIS/Include/cmsis_gcc.h ****   @{
 122:Drivers/CMSIS/Include/cmsis_gcc.h ****  */
 123:Drivers/CMSIS/Include/cmsis_gcc.h **** 
 124:Drivers/CMSIS/Include/cmsis_gcc.h **** /**
 125:Drivers/CMSIS/Include/cmsis_gcc.h ****   \brief   Enable IRQ Interrupts
 126:Drivers/CMSIS/Include/cmsis_gcc.h ****   \details Enables IRQ interrupts by clearing the I-bit in the CPSR.
 127:Drivers/CMSIS/Include/cmsis_gcc.h ****            Can only be executed in Privileged modes.
 128:Drivers/CMSIS/Include/cmsis_gcc.h ****  */
 129:Drivers/CMSIS/Include/cmsis_gcc.h **** __STATIC_FORCEINLINE void __enable_irq(void)
 130:Drivers/CMSIS/Include/cmsis_gcc.h **** {
 131:Drivers/CMSIS/Include/cmsis_gcc.h ****   __ASM volatile ("cpsie i" : : : "memory");
 132:Drivers/CMSIS/Include/cmsis_gcc.h **** }
 133:Drivers/CMSIS/Include/cmsis_gcc.h **** 
 134:Drivers/CMSIS/Include/cmsis_gcc.h **** 
 135:Drivers/CMSIS/Include/cmsis_gcc.h **** /**
 136:Drivers/CMSIS/Include/cmsis_gcc.h ****   \brief   Disable IRQ Interrupts
 137:Drivers/CMSIS/Include/cmsis_gcc.h ****   \details Disables IRQ interrupts by setting the I-bit in the CPSR.
 138:Drivers/CMSIS/Include/cmsis_gcc.h ****            Can only be executed in Privileged modes.
 139:Drivers/CMSIS/Include/cmsis_gcc.h ****  */
 140:Drivers/CMSIS/Include/cmsis_gcc.h **** __STATIC_FORCEINLINE void __disable_irq(void)
 147              		.loc 2 140 27 view .LVU19
 148              	.LBB5:
 141:Drivers/CMSIS/Include/cmsis_gcc.h **** {
 142:Drivers/CMSIS/Include/cmsis_gcc.h ****   __ASM volatile ("cpsid i" : : : "memory");
 149              		.loc 2 142 3 view .LVU20
 150              		.syntax unified
 151              	@ 142 "Drivers/CMSIS/Include/cmsis_gcc.h" 1
 152 0000 72B6     		cpsid i
 153              	@ 0 "" 2
 154              		.thumb
 155              		.syntax unified
 156              	.L13:
 157              	.LBE5:
 158              	.LBE4:
 197:Core/Src/main.c ****   while (1)
 159              		.loc 1 197 3 discriminator 1 view .LVU21
 198:Core/Src/main.c ****   {
 199:Core/Src/main.c ****   }
 160              		.loc 1 199 3 discriminator 1 view .LVU22
 197:Core/Src/main.c ****   while (1)
 161              		.loc 1 197 9 discriminator 1 view .LVU23
 162 0002 FEE7     		b	.L13
 163              		.cfi_endproc
 164              	.LFE73:
 166              		.section	.text.SystemClock_Config,"ax",%progbits
 167              		.align	1
ARM GAS  C:\Users\percy\AppData\Local\Temp\ccq19CGD.s 			page 10


 168              		.global	SystemClock_Config
 169              		.syntax unified
 170              		.thumb
 171              		.thumb_func
 173              	SystemClock_Config:
 174              	.LFB69:
 131:Core/Src/main.c ****   RCC_OscInitTypeDef RCC_OscInitStruct = {0};
 175              		.loc 1 131 1 view -0
 176              		.cfi_startproc
 177              		@ args = 0, pretend = 0, frame = 64
 178              		@ frame_needed = 0, uses_anonymous_args = 0
 179 0000 00B5     		push	{lr}
 180              	.LCFI2:
 181              		.cfi_def_cfa_offset 4
 182              		.cfi_offset 14, -4
 183 0002 91B0     		sub	sp, sp, #68
 184              	.LCFI3:
 185              		.cfi_def_cfa_offset 72
 132:Core/Src/main.c ****   RCC_ClkInitTypeDef RCC_ClkInitStruct = {0};
 186              		.loc 1 132 3 view .LVU25
 132:Core/Src/main.c ****   RCC_ClkInitTypeDef RCC_ClkInitStruct = {0};
 187              		.loc 1 132 22 is_stmt 0 view .LVU26
 188 0004 2822     		movs	r2, #40
 189 0006 0021     		movs	r1, #0
 190 0008 06A8     		add	r0, sp, #24
 191 000a FFF7FEFF 		bl	memset
 192              	.LVL3:
 133:Core/Src/main.c **** 
 193              		.loc 1 133 3 is_stmt 1 view .LVU27
 133:Core/Src/main.c **** 
 194              		.loc 1 133 22 is_stmt 0 view .LVU28
 195 000e 0023     		movs	r3, #0
 196 0010 0193     		str	r3, [sp, #4]
 197 0012 0293     		str	r3, [sp, #8]
 198 0014 0393     		str	r3, [sp, #12]
 199 0016 0493     		str	r3, [sp, #16]
 200 0018 0593     		str	r3, [sp, #20]
 138:Core/Src/main.c ****   RCC_OscInitStruct.HSEState = RCC_HSE_ON;
 201              		.loc 1 138 3 is_stmt 1 view .LVU29
 138:Core/Src/main.c ****   RCC_OscInitStruct.HSEState = RCC_HSE_ON;
 202              		.loc 1 138 36 is_stmt 0 view .LVU30
 203 001a 0122     		movs	r2, #1
 204 001c 0692     		str	r2, [sp, #24]
 139:Core/Src/main.c ****   RCC_OscInitStruct.HSEPredivValue = RCC_HSE_PREDIV_DIV1;
 205              		.loc 1 139 3 is_stmt 1 view .LVU31
 139:Core/Src/main.c ****   RCC_OscInitStruct.HSEPredivValue = RCC_HSE_PREDIV_DIV1;
 206              		.loc 1 139 30 is_stmt 0 view .LVU32
 207 001e 4FF48033 		mov	r3, #65536
 208 0022 0793     		str	r3, [sp, #28]
 140:Core/Src/main.c ****   RCC_OscInitStruct.HSIState = RCC_HSI_ON;
 209              		.loc 1 140 3 is_stmt 1 view .LVU33
 141:Core/Src/main.c ****   RCC_OscInitStruct.PLL.PLLState = RCC_PLL_ON;
 210              		.loc 1 141 3 view .LVU34
 141:Core/Src/main.c ****   RCC_OscInitStruct.PLL.PLLState = RCC_PLL_ON;
 211              		.loc 1 141 30 is_stmt 0 view .LVU35
 212 0024 0A92     		str	r2, [sp, #40]
 142:Core/Src/main.c ****   RCC_OscInitStruct.PLL.PLLSource = RCC_PLLSOURCE_HSE;
ARM GAS  C:\Users\percy\AppData\Local\Temp\ccq19CGD.s 			page 11


 213              		.loc 1 142 3 is_stmt 1 view .LVU36
 142:Core/Src/main.c ****   RCC_OscInitStruct.PLL.PLLSource = RCC_PLLSOURCE_HSE;
 214              		.loc 1 142 34 is_stmt 0 view .LVU37
 215 0026 0222     		movs	r2, #2
 216 0028 0D92     		str	r2, [sp, #52]
 143:Core/Src/main.c ****   RCC_OscInitStruct.PLL.PLLMUL = RCC_PLL_MUL9;
 217              		.loc 1 143 3 is_stmt 1 view .LVU38
 143:Core/Src/main.c ****   RCC_OscInitStruct.PLL.PLLMUL = RCC_PLL_MUL9;
 218              		.loc 1 143 35 is_stmt 0 view .LVU39
 219 002a 0E93     		str	r3, [sp, #56]
 144:Core/Src/main.c ****   if (HAL_RCC_OscConfig(&RCC_OscInitStruct) != HAL_OK)
 220              		.loc 1 144 3 is_stmt 1 view .LVU40
 144:Core/Src/main.c ****   if (HAL_RCC_OscConfig(&RCC_OscInitStruct) != HAL_OK)
 221              		.loc 1 144 32 is_stmt 0 view .LVU41
 222 002c 4FF4E013 		mov	r3, #1835008
 223 0030 0F93     		str	r3, [sp, #60]
 145:Core/Src/main.c ****   {
 224              		.loc 1 145 3 is_stmt 1 view .LVU42
 145:Core/Src/main.c ****   {
 225              		.loc 1 145 7 is_stmt 0 view .LVU43
 226 0032 06A8     		add	r0, sp, #24
 227 0034 FFF7FEFF 		bl	HAL_RCC_OscConfig
 228              	.LVL4:
 145:Core/Src/main.c ****   {
 229              		.loc 1 145 6 view .LVU44
 230 0038 80B9     		cbnz	r0, .L18
 152:Core/Src/main.c ****                               |RCC_CLOCKTYPE_PCLK1|RCC_CLOCKTYPE_PCLK2;
 231              		.loc 1 152 3 is_stmt 1 view .LVU45
 152:Core/Src/main.c ****                               |RCC_CLOCKTYPE_PCLK1|RCC_CLOCKTYPE_PCLK2;
 232              		.loc 1 152 31 is_stmt 0 view .LVU46
 233 003a 0F23     		movs	r3, #15
 234 003c 0193     		str	r3, [sp, #4]
 154:Core/Src/main.c ****   RCC_ClkInitStruct.AHBCLKDivider = RCC_SYSCLK_DIV1;
 235              		.loc 1 154 3 is_stmt 1 view .LVU47
 154:Core/Src/main.c ****   RCC_ClkInitStruct.AHBCLKDivider = RCC_SYSCLK_DIV1;
 236              		.loc 1 154 34 is_stmt 0 view .LVU48
 237 003e 0221     		movs	r1, #2
 238 0040 0291     		str	r1, [sp, #8]
 155:Core/Src/main.c ****   RCC_ClkInitStruct.APB1CLKDivider = RCC_HCLK_DIV2;
 239              		.loc 1 155 3 is_stmt 1 view .LVU49
 155:Core/Src/main.c ****   RCC_ClkInitStruct.APB1CLKDivider = RCC_HCLK_DIV2;
 240              		.loc 1 155 35 is_stmt 0 view .LVU50
 241 0042 0023     		movs	r3, #0
 242 0044 0393     		str	r3, [sp, #12]
 156:Core/Src/main.c ****   RCC_ClkInitStruct.APB2CLKDivider = RCC_HCLK_DIV1;
 243              		.loc 1 156 3 is_stmt 1 view .LVU51
 156:Core/Src/main.c ****   RCC_ClkInitStruct.APB2CLKDivider = RCC_HCLK_DIV1;
 244              		.loc 1 156 36 is_stmt 0 view .LVU52
 245 0046 4FF48062 		mov	r2, #1024
 246 004a 0492     		str	r2, [sp, #16]
 157:Core/Src/main.c **** 
 247              		.loc 1 157 3 is_stmt 1 view .LVU53
 157:Core/Src/main.c **** 
 248              		.loc 1 157 36 is_stmt 0 view .LVU54
 249 004c 0593     		str	r3, [sp, #20]
 159:Core/Src/main.c ****   {
 250              		.loc 1 159 3 is_stmt 1 view .LVU55
ARM GAS  C:\Users\percy\AppData\Local\Temp\ccq19CGD.s 			page 12


 159:Core/Src/main.c ****   {
 251              		.loc 1 159 7 is_stmt 0 view .LVU56
 252 004e 01A8     		add	r0, sp, #4
 253 0050 FFF7FEFF 		bl	HAL_RCC_ClockConfig
 254              	.LVL5:
 159:Core/Src/main.c ****   {
 255              		.loc 1 159 6 view .LVU57
 256 0054 20B9     		cbnz	r0, .L19
 163:Core/Src/main.c **** 
 257              		.loc 1 163 1 view .LVU58
 258 0056 11B0     		add	sp, sp, #68
 259              	.LCFI4:
 260              		.cfi_remember_state
 261              		.cfi_def_cfa_offset 4
 262              		@ sp needed
 263 0058 5DF804FB 		ldr	pc, [sp], #4
 264              	.L18:
 265              	.LCFI5:
 266              		.cfi_restore_state
 147:Core/Src/main.c ****   }
 267              		.loc 1 147 5 is_stmt 1 view .LVU59
 268 005c FFF7FEFF 		bl	Error_Handler
 269              	.LVL6:
 270              	.L19:
 161:Core/Src/main.c ****   }
 271              		.loc 1 161 5 view .LVU60
 272 0060 FFF7FEFF 		bl	Error_Handler
 273              	.LVL7:
 274              		.cfi_endproc
 275              	.LFE69:
 277              		.section	.text.main,"ax",%progbits
 278              		.align	1
 279              		.global	main
 280              		.syntax unified
 281              		.thumb
 282              		.thumb_func
 284              	main:
 285              	.LFB68:
  74:Core/Src/main.c **** 
 286              		.loc 1 74 1 view -0
 287              		.cfi_startproc
 288              		@ Volatile: function does not return.
 289              		@ args = 0, pretend = 0, frame = 0
 290              		@ frame_needed = 0, uses_anonymous_args = 0
 291 0000 08B5     		push	{r3, lr}
 292              	.LCFI6:
 293              		.cfi_def_cfa_offset 8
 294              		.cfi_offset 3, -8
 295              		.cfi_offset 14, -4
  83:Core/Src/main.c **** 
 296              		.loc 1 83 3 view .LVU62
 297 0002 FFF7FEFF 		bl	HAL_Init
 298              	.LVL8:
  90:Core/Src/main.c **** 
 299              		.loc 1 90 3 view .LVU63
 300 0006 FFF7FEFF 		bl	SystemClock_Config
 301              	.LVL9:
ARM GAS  C:\Users\percy\AppData\Local\Temp\ccq19CGD.s 			page 13


  97:Core/Src/main.c ****   MX_USART1_UART_Init();
 302              		.loc 1 97 3 view .LVU64
 303 000a FFF7FEFF 		bl	MX_GPIO_Init
 304              	.LVL10:
  98:Core/Src/main.c ****   MX_TIM3_Init();
 305              		.loc 1 98 3 view .LVU65
 306 000e FFF7FEFF 		bl	MX_USART1_UART_Init
 307              	.LVL11:
  99:Core/Src/main.c ****   /* USER CODE BEGIN 2 */
 308              		.loc 1 99 3 view .LVU66
 309 0012 FFF7FEFF 		bl	MX_TIM3_Init
 310              	.LVL12:
 101:Core/Src/main.c **** 
 311              		.loc 1 101 2 view .LVU67
 312 0016 1148     		ldr	r0, .L24
 313 0018 FFF7FEFF 		bl	HAL_TIM_Base_Start_IT
 314              	.LVL13:
 103:Core/Src/main.c ****   register_task(task_led_toggle, 500, &registered_task_list); // 每 500ms 执行一次
 315              		.loc 1 103 2 view .LVU68
 316 001c FFF7FEFF 		bl	task_pool_init
 317              	.LVL14:
 104:Core/Src/main.c ****   register_task(task_print, 1000, &registered_task_list);     // 每 1000ms 执行一次
 318              		.loc 1 104 3 view .LVU69
 319 0020 0F4C     		ldr	r4, .L24+4
 320 0022 2246     		mov	r2, r4
 321 0024 4FF4FA71 		mov	r1, #500
 322 0028 0E48     		ldr	r0, .L24+8
 323 002a FFF7FEFF 		bl	register_task
 324              	.LVL15:
 105:Core/Src/main.c ****   /* USER CODE END 2 */
 325              		.loc 1 105 3 view .LVU70
 326 002e 2246     		mov	r2, r4
 327 0030 4FF47A71 		mov	r1, #1000
 328 0034 0C48     		ldr	r0, .L24+12
 329 0036 FFF7FEFF 		bl	register_task
 330              	.LVL16:
 331              	.L21:
 110:Core/Src/main.c ****   {
 332              		.loc 1 110 3 view .LVU71
 112:Core/Src/main.c **** 			tim3_flag = 0;
 333              		.loc 1 112 3 view .LVU72
 112:Core/Src/main.c **** 			tim3_flag = 0;
 334              		.loc 1 112 17 is_stmt 0 view .LVU73
 335 003a 0C4B     		ldr	r3, .L24+16
 336 003c 1B78     		ldrb	r3, [r3]	@ zero_extendqisi2
 112:Core/Src/main.c **** 			tim3_flag = 0;
 337              		.loc 1 112 6 view .LVU74
 338 003e 012B     		cmp	r3, #1
 339 0040 FBD1     		bne	.L21
 113:Core/Src/main.c **** 
 340              		.loc 1 113 4 is_stmt 1 view .LVU75
 113:Core/Src/main.c **** 
 341              		.loc 1 113 14 is_stmt 0 view .LVU76
 342 0042 0A4B     		ldr	r3, .L24+16
 343 0044 0022     		movs	r2, #0
 344 0046 1A70     		strb	r2, [r3]
 115:Core/Src/main.c **** 			scheduler_run(&ready_task_list);
ARM GAS  C:\Users\percy\AppData\Local\Temp\ccq19CGD.s 			page 14


 345              		.loc 1 115 4 is_stmt 1 view .LVU77
 346 0048 094C     		ldr	r4, .L24+20
 347 004a 2146     		mov	r1, r4
 348 004c 044B     		ldr	r3, .L24+4
 349 004e 1868     		ldr	r0, [r3]
 350 0050 FFF7FEFF 		bl	scheduler_tick
 351              	.LVL17:
 116:Core/Src/main.c **** 		}
 352              		.loc 1 116 4 view .LVU78
 353 0054 2046     		mov	r0, r4
 354 0056 FFF7FEFF 		bl	scheduler_run
 355              	.LVL18:
 356 005a EEE7     		b	.L21
 357              	.L25:
 358              		.align	2
 359              	.L24:
 360 005c 00000000 		.word	htim3
 361 0060 00000000 		.word	.LANCHOR2
 362 0064 00000000 		.word	task_led_toggle
 363 0068 00000000 		.word	task_print
 364 006c 00000000 		.word	.LANCHOR1
 365 0070 00000000 		.word	.LANCHOR3
 366              		.cfi_endproc
 367              	.LFE68:
 369              		.global	tim3_flag
 370              		.section	.bss.cnt.0,"aw",%nobits
 371              		.set	.LANCHOR0,. + 0
 374              	cnt.0:
 375 0000 00       		.space	1
 376              		.section	.bss.ready_task_list,"aw",%nobits
 377              		.align	2
 378              		.set	.LANCHOR3,. + 0
 381              	ready_task_list:
 382 0000 00000000 		.space	4
 383              		.section	.bss.registered_task_list,"aw",%nobits
 384              		.align	2
 385              		.set	.LANCHOR2,. + 0
 388              	registered_task_list:
 389 0000 00000000 		.space	4
 390              		.section	.bss.tim3_flag,"aw",%nobits
 391              		.set	.LANCHOR1,. + 0
 394              	tim3_flag:
 395 0000 00       		.space	1
 396              		.text
 397              	.Letext0:
 398              		.file 3 "c:\\program files (x86)\\gnu arm embedded toolchain\\10 2021.10\\arm-none-eabi\\include\\
 399              		.file 4 "c:\\program files (x86)\\gnu arm embedded toolchain\\10 2021.10\\arm-none-eabi\\include\\
 400              		.file 5 "Drivers/CMSIS/Device/ST/STM32F1xx/Include/stm32f103xb.h"
 401              		.file 6 "Drivers/STM32F1xx_HAL_Driver/Inc/stm32f1xx_hal_def.h"
 402              		.file 7 "Drivers/STM32F1xx_HAL_Driver/Inc/stm32f1xx_hal_rcc.h"
 403              		.file 8 "Drivers/STM32F1xx_HAL_Driver/Inc/stm32f1xx_hal_rcc_ex.h"
 404              		.file 9 "Drivers/STM32F1xx_HAL_Driver/Inc/stm32f1xx_hal_dma.h"
 405              		.file 10 "Drivers/STM32F1xx_HAL_Driver/Inc/stm32f1xx_hal_tim.h"
 406              		.file 11 "Core/Inc/scheduler.h"
 407              		.file 12 "Core/Inc/tim.h"
 408              		.file 13 "c:\\program files (x86)\\gnu arm embedded toolchain\\10 2021.10\\arm-none-eabi\\include\
 409              		.file 14 "Libs/Inc/led_lib.h"
ARM GAS  C:\Users\percy\AppData\Local\Temp\ccq19CGD.s 			page 15


 410              		.file 15 "Drivers/STM32F1xx_HAL_Driver/Inc/stm32f1xx_hal.h"
 411              		.file 16 "Core/Inc/gpio.h"
 412              		.file 17 "Core/Inc/usart.h"
 413              		.file 18 "<built-in>"
ARM GAS  C:\Users\percy\AppData\Local\Temp\ccq19CGD.s 			page 16


DEFINED SYMBOLS
                            *ABS*:00000000 main.c
C:\Users\percy\AppData\Local\Temp\ccq19CGD.s:18     .text.task_led_toggle:00000000 $t
C:\Users\percy\AppData\Local\Temp\ccq19CGD.s:24     .text.task_led_toggle:00000000 task_led_toggle
C:\Users\percy\AppData\Local\Temp\ccq19CGD.s:45     .rodata.task_print.str1.4:00000000 $d
C:\Users\percy\AppData\Local\Temp\ccq19CGD.s:49     .text.task_print:00000000 $t
C:\Users\percy\AppData\Local\Temp\ccq19CGD.s:55     .text.task_print:00000000 task_print
C:\Users\percy\AppData\Local\Temp\ccq19CGD.s:82     .text.task_print:00000014 $d
C:\Users\percy\AppData\Local\Temp\ccq19CGD.s:88     .text.HAL_TIM_PeriodElapsedCallback:00000000 $t
C:\Users\percy\AppData\Local\Temp\ccq19CGD.s:94     .text.HAL_TIM_PeriodElapsedCallback:00000000 HAL_TIM_PeriodElapsedCallback
C:\Users\percy\AppData\Local\Temp\ccq19CGD.s:123    .text.HAL_TIM_PeriodElapsedCallback:00000014 $d
C:\Users\percy\AppData\Local\Temp\ccq19CGD.s:129    .text.Error_Handler:00000000 $t
C:\Users\percy\AppData\Local\Temp\ccq19CGD.s:135    .text.Error_Handler:00000000 Error_Handler
C:\Users\percy\AppData\Local\Temp\ccq19CGD.s:167    .text.SystemClock_Config:00000000 $t
C:\Users\percy\AppData\Local\Temp\ccq19CGD.s:173    .text.SystemClock_Config:00000000 SystemClock_Config
C:\Users\percy\AppData\Local\Temp\ccq19CGD.s:278    .text.main:00000000 $t
C:\Users\percy\AppData\Local\Temp\ccq19CGD.s:284    .text.main:00000000 main
C:\Users\percy\AppData\Local\Temp\ccq19CGD.s:360    .text.main:0000005c $d
C:\Users\percy\AppData\Local\Temp\ccq19CGD.s:394    .bss.tim3_flag:00000000 tim3_flag
C:\Users\percy\AppData\Local\Temp\ccq19CGD.s:374    .bss.cnt.0:00000000 cnt.0
C:\Users\percy\AppData\Local\Temp\ccq19CGD.s:375    .bss.cnt.0:00000000 $d
C:\Users\percy\AppData\Local\Temp\ccq19CGD.s:377    .bss.ready_task_list:00000000 $d
C:\Users\percy\AppData\Local\Temp\ccq19CGD.s:381    .bss.ready_task_list:00000000 ready_task_list
C:\Users\percy\AppData\Local\Temp\ccq19CGD.s:384    .bss.registered_task_list:00000000 $d
C:\Users\percy\AppData\Local\Temp\ccq19CGD.s:388    .bss.registered_task_list:00000000 registered_task_list
C:\Users\percy\AppData\Local\Temp\ccq19CGD.s:395    .bss.tim3_flag:00000000 $d

UNDEFINED SYMBOLS
LED_Toggle
printf
memset
HAL_RCC_OscConfig
HAL_RCC_ClockConfig
HAL_Init
MX_GPIO_Init
MX_USART1_UART_Init
MX_TIM3_Init
HAL_TIM_Base_Start_IT
task_pool_init
register_task
scheduler_tick
scheduler_run
htim3
